  Array.cpp
  ArrayIteracion.cpp
  Puntero.cpp
  Cadena.cpp
  Comparador.cpp
  CadenaFuncionHash.cpp
  ConcatIteracion.cpp
  ConvertIteracion.cpp
  Iterador.cpp
  Matriz.cpp
  MatrizIteracion.cpp
  MemoryShare.cpp
  ConductorPrueba.cpp
  EstadisticaPrueba.cpp
  ManejadorImpresion.cpp
  ManejadorImpresionTxt.cpp
  ManejadorImpresionXml.cpp
  Prueba.cpp
  PruebaMemoria.cpp
  Tupla.cpp
  Framework.vcxproj -> C:\Users\vale\Desktop\ORT\Alumno\2018-2\Algoritmos 2\Entrega2\Framework\Debug\Framework.lib
